The system is: Windows - 10.0.18363 - AMD64
Compiling the C compiler identification source file "CMakeCCompilerId.c" succeeded.
Compiler: D:/Application/mingw64/mingw32/bin/gcc.exe 
Build flags: 
Id flags:  

The output was:
0


Compilation of the C compiler identification source "CMakeCCompilerId.c" produced "a.exe"

The C compiler identification is GNU, found in "E:/Code/C++/workermanagement/cmake-build-debug/CMakeFiles/3.17.5/CompilerIdC/a.exe"

Compiling the CXX compiler identification source file "CMakeCXXCompilerId.cpp" succeeded.
Compiler: D:/Application/mingw64/mingw32/bin/g++.exe 
Build flags: 
Id flags:  

The output was:
0


Compilation of the CXX compiler identification source "CMakeCXXCompilerId.cpp" produced "a.exe"

The CXX compiler identification is GNU, found in "E:/Code/C++/workermanagement/cmake-build-debug/CMakeFiles/3.17.5/CompilerIdCXX/a.exe"

Compiling the C compiler identification source file "CMakeCCompilerId.c" succeeded.
Compiler: D:/Application/mingw64/mingw32/bin/gcc.exe 
Build flags: 
Id flags:  

The output was:
0


Compilation of the C compiler identification source "CMakeCCompilerId.c" produced "a.exe"

The C compiler identification is GNU, found in "E:/Code/C++/workermanagement/cmake-build-debug/CMakeFiles/3.17.5/CompilerIdC/a.exe"

Compiling the CXX compiler identification source file "CMakeCXXCompilerId.cpp" succeeded.
Compiler: D:/Application/mingw64/mingw32/bin/g++.exe 
Build flags: 
Id flags:  

The output was:
0


Compilation of the CXX compiler identification source "CMakeCXXCompilerId.cpp" produced "a.exe"

The CXX compiler identification is GNU, found in "E:/Code/C++/workermanagement/cmake-build-debug/CMakeFiles/3.17.5/CompilerIdCXX/a.exe"

Compiling the C compiler identification source file "CMakeCCompilerId.c" succeeded.
Compiler: D:/Application/mingw64/mingw32/bin/gcc.exe 
Build flags: 
Id flags:  

The output was:
0


Compilation of the C compiler identification source "CMakeCCompilerId.c" produced "a.exe"

The C compiler identification is GNU, found in "E:/Code/C++/workermanagement/cmake-build-debug/CMakeFiles/3.17.5/CompilerIdC/a.exe"

Compiling the CXX compiler identification source file "CMakeCXXCompilerId.cpp" succeeded.
Compiler: D:/Application/mingw64/mingw32/bin/g++.exe 
Build flags: 
Id flags:  

The output was:
0


Compilation of the CXX compiler identification source "CMakeCXXCompilerId.cpp" produced "a.exe"

The CXX compiler identification is GNU, found in "E:/Code/C++/workermanagement/cmake-build-debug/CMakeFiles/3.17.5/CompilerIdCXX/a.exe"

Compiling the C compiler identification source file "CMakeCCompilerId.c" succeeded.
Compiler: D:/Application/mingw64/mingw32/bin/gcc.exe 
Build flags: 
Id flags:  

The output was:
0


Compilation of the C compiler identification source "CMakeCCompilerId.c" produced "a.exe"

The C compiler identification is GNU, found in "E:/Code/C++/workermanagement/cmake-build-debug/CMakeFiles/3.17.5/CompilerIdC/a.exe"

Compiling the CXX compiler identification source file "CMakeCXXCompilerId.cpp" succeeded.
Compiler: D:/Application/mingw64/mingw32/bin/g++.exe 
Build flags: 
Id flags:  

The output was:
0


Compilation of the CXX compiler identification source "CMakeCXXCompilerId.cpp" produced "a.exe"

The CXX compiler identification is GNU, found in "E:/Code/C++/workermanagement/cmake-build-debug/CMakeFiles/3.17.5/CompilerIdCXX/a.exe"

The system is: Windows - 10.0.18363 - AMD64
Compiling the C compiler identification source file "CMakeCCompilerId.c" succeeded.
Compiler: D:/Application/mingw64/mingw32/bin/gcc.exe 
Build flags: 
Id flags:  

The output was:
0


Compilation of the C compiler identification source "CMakeCCompilerId.c" produced "a.exe"

The C compiler identification is GNU, found in "E:/Code/C++/workermanagement/cmake-build-debug/CMakeFiles/3.19.2/CompilerIdC/a.exe"

Compiling the CXX compiler identification source file "CMakeCXXCompilerId.cpp" succeeded.
Compiler: D:/Application/mingw64/mingw32/bin/g++.exe 
Build flags: 
Id flags:  

The output was:
0


Compilation of the CXX compiler identification source "CMakeCXXCompilerId.cpp" produced "a.exe"

The CXX compiler identification is GNU, found in "E:/Code/C++/workermanagement/cmake-build-debug/CMakeFiles/3.19.2/CompilerIdCXX/a.exe"

